2023-03-17 14:57:43.789 [main] INFO  com.miniproject.Calculator - [FACTORIAL] - 2
2023-03-17 14:57:43.798 [main] INFO  com.miniproject.Calculator - [RESULT - FACTORIAL] - 2
2023-03-17 15:14:30.714 [main] INFO  com.miniproject.Calculator - [SQUARE ROOT] - 36.0
2023-03-17 15:14:30.717 [main] INFO  com.miniproject.Calculator - [RESULT - SQUARE ROOT] - 6.0
2023-03-17 15:14:45.415 [main] INFO  com.miniproject.Calculator - [LOG] - 5.0
2023-03-17 15:14:45.416 [main] INFO  com.miniproject.Calculator - [RESULT - LOG] - 1.6094379124341003
2023-03-18 16:11:59.038 [main] INFO  com.miniproject.Calculator - [FACTORIAL] - 12
2023-03-18 16:11:59.046 [main] INFO  com.miniproject.Calculator - [RESULT - FACTORIAL] - 479001600
2023-03-18 16:18:41.962 [main] INFO  com.miniproject.Calculator - [FACTORIAL] - 12
2023-03-18 16:18:41.971 [main] INFO  com.miniproject.Calculator - [RESULT - FACTORIAL] - 479001600
2023-03-22 10:45:45.041 [main] INFO  com.miniproject.Calculator - [FACTORIAL] - 4
2023-03-22 10:45:45.050 [main] INFO  com.miniproject.Calculator - [RESULT - FACTORIAL] - 24
2023-03-22 11:23:42.587 [main] INFO  com.miniproject.Calculator - [FACTORIAL] - -6
2023-03-22 11:23:42.590 [main] INFO  com.miniproject.Calculator - [RESULT - FACTORIAL] - 1
2023-03-22 11:23:42.601 [main] INFO  com.miniproject.Calculator - [FACTORIAL] - 5
2023-03-22 11:23:42.602 [main] INFO  com.miniproject.Calculator - [RESULT - FACTORIAL] - 120
2023-03-22 11:24:23.360 [main] INFO  com.miniproject.Calculator - [FACTORIAL] - 5
2023-03-22 11:24:23.369 [main] INFO  com.miniproject.Calculator - [RESULT - FACTORIAL] - 120
2023-03-22 11:25:12.942 [main] INFO  com.miniproject.Calculator - [FACTORIAL] - -6
2023-03-22 11:25:12.943 [main] INFO  com.miniproject.Calculator - [RESULT - FACTORIAL] - 1
2023-03-22 11:25:12.950 [main] INFO  com.miniproject.Calculator - [FACTORIAL] - 5
2023-03-22 11:25:12.950 [main] INFO  com.miniproject.Calculator - [RESULT - FACTORIAL] - 120
2023-03-22 11:25:20.653 [main] INFO  com.miniproject.Calculator - [LOG] - -6.0
2023-03-22 11:25:20.655 [main] INFO  com.miniproject.Calculator - [RESULT - LOG] - NaN
2023-03-22 11:25:20.663 [main] INFO  com.miniproject.Calculator - [LOG] - 10.0
2023-03-22 11:25:20.663 [main] INFO  com.miniproject.Calculator - [RESULT - LOG] - 2.302585092994046
2023-03-22 11:25:28.748 [main] INFO  com.miniproject.Calculator - [TWOPOWER] - 2.0AND3.0
2023-03-22 11:25:28.751 [main] INFO  com.miniproject.Calculator - [RESULT - TWOPOWER] - 8.0
2023-03-22 11:25:28.752 [main] INFO  com.miniproject.Calculator - [TWOPOWER] - -2.0AND3.0
2023-03-22 11:25:28.753 [main] INFO  com.miniproject.Calculator - [RESULT - TWOPOWER] - -8.0
2023-03-22 11:25:28.754 [main] INFO  com.miniproject.Calculator - [TWOPOWER] - -0.5AND-3.0
2023-03-22 11:25:28.754 [main] INFO  com.miniproject.Calculator - [RESULT - TWOPOWER] - -8.0
2023-03-22 11:25:37.005 [main] INFO  com.miniproject.Calculator - [SQUARE ROOT] - -6.0
2023-03-22 11:25:37.007 [main] INFO  com.miniproject.Calculator - [RESULT - SQUARE ROOT] - NaN
2023-03-22 11:25:37.013 [main] INFO  com.miniproject.Calculator - [SQUARE ROOT] - 25.0
2023-03-22 11:25:37.014 [main] INFO  com.miniproject.Calculator - [RESULT - SQUARE ROOT] - 5.0
2023-03-22 11:29:22.445 [main] INFO  com.miniproject.Calculator - [LOG] - -6.0
2023-03-22 11:29:22.449 [main] INFO  com.miniproject.Calculator - [RESULT - LOG] - NaN
2023-03-22 11:29:22.452 [main] INFO  com.miniproject.Calculator - [LOG] - 10.0
2023-03-22 11:29:22.453 [main] INFO  com.miniproject.Calculator - [RESULT - LOG] - 2.302585092994046
2023-03-22 11:29:22.456 [main] INFO  com.miniproject.Calculator - [FACTORIAL] - -6
2023-03-22 11:29:22.457 [main] INFO  com.miniproject.Calculator - [RESULT - FACTORIAL] - 1
2023-03-22 11:29:22.460 [main] INFO  com.miniproject.Calculator - [FACTORIAL] - 5
2023-03-22 11:29:22.460 [main] INFO  com.miniproject.Calculator - [RESULT - FACTORIAL] - 120
2023-03-22 11:29:22.462 [main] INFO  com.miniproject.Calculator - [TWOPOWER] - 2.0AND3.0
2023-03-22 11:29:22.463 [main] INFO  com.miniproject.Calculator - [RESULT - TWOPOWER] - 8.0
2023-03-22 11:29:22.464 [main] INFO  com.miniproject.Calculator - [TWOPOWER] - -2.0AND3.0
2023-03-22 11:29:22.464 [main] INFO  com.miniproject.Calculator - [RESULT - TWOPOWER] - -8.0
2023-03-22 11:29:22.466 [main] INFO  com.miniproject.Calculator - [TWOPOWER] - -0.5AND-3.0
2023-03-22 11:29:22.466 [main] INFO  com.miniproject.Calculator - [RESULT - TWOPOWER] - -8.0
2023-03-22 11:29:22.469 [main] INFO  com.miniproject.Calculator - [SQUARE ROOT] - -6.0
2023-03-22 11:29:22.470 [main] INFO  com.miniproject.Calculator - [RESULT - SQUARE ROOT] - NaN
2023-03-22 11:29:22.473 [main] INFO  com.miniproject.Calculator - [SQUARE ROOT] - 25.0
2023-03-22 11:29:22.474 [main] INFO  com.miniproject.Calculator - [RESULT - SQUARE ROOT] - 5.0
